<?xml version="1.0" encoding="UTF-8"?>
<!-- Generated by org.testng.reporters.JUnitReportReporter -->
<testsuite hostname="LAPTOP-FB2PT21P" failures="0" tests="1" name="dummyProject.Test2" time="0.010" errors="0" timestamp="2024-11-14T00:05:36 IST" skipped="0">
  <testcase classname="dummyProject.Test2" name="m1" time="0.010"/>
</testsuite> <!-- dummyProject.Test2 -->
